[16:56:12] INFO 🤖 Запуск поискового робота EPG...
[16:56:14] INFO ✅ Первый канал: 7 передач
[16:56:14] INFO ✅ Россия 1: 7 передач
[16:56:14] INFO ✅ НТВ: 7 передач
[16:56:14] INFO ✅ СТС: 7 передач
[16:56:14] INFO ✅ РЕН ТВ: 7 передач
[16:56:14] INFO ✅ ТНТ: 7 передач
[16:56:14] INFO ✅ Пятый канал: 7 передач
[16:56:14] INFO ✅ МУЗ-ТВ: 7 передач
[16:56:14] INFO ✅ Звезда: 7 передач
[16:56:14] INFO ✅ Матч! ТВ: 7 передач
[16:56:14] INFO ✅ Россия 24: 7 передач
[16:56:14] INFO ✅ ОТР: 7 передач
[16:56:14] INFO ✅ Дом Кино: 7 передач
[16:56:14] INFO ✅ Наука: 7 передач
[16:56:14] INFO ✅ Карусель: 7 передач
[16:56:14] INFO ✅ ТВ Центр: 7 передач
[16:56:14] INFO ✅ ТВ-3: 7 передач
[16:56:14] INFO ✅ Суббота!: 7 передач
[16:56:14] INFO ✅ Четвёрка: 7 передач
[16:56:14] INFO ✅ Дождь: 7 передач
[16:56:14] INFO 📺 Итого: 140 передач по 20 каналам
[16:56:14] INFO 💾 data/schedule.json сохранён
[16:56:14] INFO 📡 data/epg.xml сохранён
